<?xml version="1.0" encoding="UTF-8"?>
<!-- Generated by org.testng.reporters.JUnitXMLReporter -->
<testsuite ignored="3" hostname="FILT111" failures="1" tests="1" name="Configurable Products Add To Cart (Listing Page)" time="23.935" errors="0" timestamp="2023-08-05T15:57:17 IST">
  <testcase classname="Frontend_Testcases.AddToCart" name="configurableAddToCartListingPage" time="23.7">
    <failure type="org.openqa.selenium.ElementClickInterceptedException" message="element click intercepted: Element &amp;lt;button class=&amp;quot;swatch-root-XZg tile-root-dNV clickable-root-I82&amp;quot; title=&amp;quot;White&amp;quot; type=&amp;quot;button&amp;quot; style=&amp;quot;--venia-swatch-bg: #ffffff;&amp;quot;&amp;gt;&amp;lt;/button&amp;gt; is not clickable at point (1027, 10). Other element would receive the click: &amp;lt;div class=&amp;quot;PinCodeCheck-pincodecheckComponentOpen-Hhm&amp;quot;&amp;gt;...&amp;lt;/div&amp;gt;
  (Session info: chrome=115.0.5790.111)
Build info: version: &amp;apos;4.1.1&amp;apos;, revision: &amp;apos;e8fcc2cecf&amp;apos;
System info: host: &amp;apos;FILT111&amp;apos;, ip: &amp;apos;192.168.137.1&amp;apos;, os.name: &amp;apos;Windows 10&amp;apos;, os.arch: &amp;apos;amd64&amp;apos;, os.version: &amp;apos;10.0&amp;apos;, java.version: &amp;apos;17.0.2&amp;apos;
Driver info: org.openqa.selenium.chrome.ChromeDriver
Command: [0ed641c724e0ac3729a660c16aa2bd45, clickElement {id=485B63B86CC860DBF9583CFE95029B49_element_57}]
Capabilities {acceptInsecureCerts: false, browserName: chrome, browserVersion: 115.0.5790.111, chrome: {chromedriverVersion: 114.0.5735.90 (386bc09e8f4f..., userDataDir: C:\Users\pavank\AppData\Loc...}, goog:chromeOptions: {debuggerAddress: localhost:59884}, javascriptEnabled: true, networkConnectionEnabled: false, pageLoadStrategy: normal, platform: WINDOWS, platformName: WINDOWS, proxy: Proxy(), se:cdp: ws://localhost:59884/devtoo..., se:cdpVersion: 115.0.5790.111, setWindowRect: true, strictFileInteractability: false, timeouts: {implicit: 0, pageLoad: 300000, script: 30000}, unhandledPromptBehavior: dismiss and notify, webauthn:extension:credBlob: true, webauthn:extension:largeBlob: true, webauthn:extension:minPinLength: true, webauthn:extension:prf: true, webauthn:virtualAuthenticators: true}
Element: [[ChromeDriver: chrome on WINDOWS (0ed641c724e0ac3729a660c16aa2bd45)] -&amp;gt; xpath: //button[@title=&amp;apos;White&amp;apos;]]
Session ID: 0ed641c724e0ac3729a660c16aa2bd45">
      <![CDATA[org.openqa.selenium.ElementClickInterceptedException: element click intercepted: Element <button class="swatch-root-XZg tile-root-dNV clickable-root-I82" title="White" type="button" style="--venia-swatch-bg: #ffffff;"></button> is not clickable at point (1027, 10). Other element would receive the click: <div class="PinCodeCheck-pincodecheckComponentOpen-Hhm">...</div>
  (Session info: chrome=115.0.5790.111)
Build info: version: '4.1.1', revision: 'e8fcc2cecf'
System info: host: 'FILT111', ip: '192.168.137.1', os.name: 'Windows 10', os.arch: 'amd64', os.version: '10.0', java.version: '17.0.2'
Driver info: org.openqa.selenium.chrome.ChromeDriver
Command: [0ed641c724e0ac3729a660c16aa2bd45, clickElement {id=485B63B86CC860DBF9583CFE95029B49_element_57}]
Capabilities {acceptInsecureCerts: false, browserName: chrome, browserVersion: 115.0.5790.111, chrome: {chromedriverVersion: 114.0.5735.90 (386bc09e8f4f..., userDataDir: C:\Users\pavank\AppData\Loc...}, goog:chromeOptions: {debuggerAddress: localhost:59884}, javascriptEnabled: true, networkConnectionEnabled: false, pageLoadStrategy: normal, platform: WINDOWS, platformName: WINDOWS, proxy: Proxy(), se:cdp: ws://localhost:59884/devtoo..., se:cdpVersion: 115.0.5790.111, setWindowRect: true, strictFileInteractability: false, timeouts: {implicit: 0, pageLoad: 300000, script: 30000}, unhandledPromptBehavior: dismiss and notify, webauthn:extension:credBlob: true, webauthn:extension:largeBlob: true, webauthn:extension:minPinLength: true, webauthn:extension:prf: true, webauthn:virtualAuthenticators: true}
Element: [[ChromeDriver: chrome on WINDOWS (0ed641c724e0ac3729a660c16aa2bd45)] -> xpath: //button[@title='White']]
Session ID: 0ed641c724e0ac3729a660c16aa2bd45
at org.openqa.selenium.remote.codec.w3c.W3CHttpResponseCodec.createException(W3CHttpResponseCodec.java:200)
at org.openqa.selenium.remote.codec.w3c.W3CHttpResponseCodec.decode(W3CHttpResponseCodec.java:133)
at org.openqa.selenium.remote.codec.w3c.W3CHttpResponseCodec.decode(W3CHttpResponseCodec.java:53)
at org.openqa.selenium.remote.HttpCommandExecutor.execute(HttpCommandExecutor.java:184)
at org.openqa.selenium.remote.service.DriverCommandExecutor.invokeExecute(DriverCommandExecutor.java:167)
at org.openqa.selenium.remote.service.DriverCommandExecutor.execute(DriverCommandExecutor.java:142)
at org.openqa.selenium.remote.RemoteWebDriver.execute(RemoteWebDriver.java:543)
at org.openqa.selenium.remote.RemoteWebElement.execute(RemoteWebElement.java:251)
at org.openqa.selenium.remote.RemoteWebElement.click(RemoteWebElement.java:77)
at Utility.GenericKeyword.selectColorFromExcel(GenericKeyword.java:253)
at Frontend_Testcases.AddToCart.configurableAddToCartListingPage(AddToCart.java:145)
at java.base/java.util.ArrayList.forEach(ArrayList.java:1511)
... Removed 32 stack frames]]>
    </failure>
  </testcase> <!-- configurableAddToCartListingPage -->
  <testcase classname="Frontend_Testcases.AddToCart" name="simpleProductAddToCartListingPage" time="0.0">
    <ignored/>
  </testcase> <!-- simpleProductAddToCartListingPage -->
  <testcase classname="Frontend_Testcases.AddToCart" name="configurableAddToCartProductDetailPage" time="0.0">
    <ignored/>
  </testcase> <!-- configurableAddToCartProductDetailPage -->
  <testcase classname="Frontend_Testcases.AddToCart" name="simpleProductAddToCartDetailPage" time="0.0">
    <ignored/>
  </testcase> <!-- simpleProductAddToCartDetailPage -->
</testsuite> <!-- Configurable Products Add To Cart (Listing Page) -->
