<?xml version="1.0" encoding="UTF-8"?>
<!-- Generated by org.testng.reporters.JUnitXMLReporter -->
<testsuite ignored="0" hostname="FILT111" failures="1" tests="1" name="VerifyAccountCreated" time="20.893" errors="0" timestamp="2023-06-03T16:31:48 IST">
  <testcase classname="Backend_Testcases.VerifyAccountCreated" name="verifyAccountCreated" time="20.509">
    <failure type="org.openqa.selenium.ElementClickInterceptedException" message="element click intercepted: Element &amp;lt;button class=&amp;quot;action-default&amp;quot; data-action=&amp;quot;grid-filter-expand&amp;quot; data-bind=&amp;quot;css: {_active: hasVisible() &amp;amp;amp;&amp;amp;amp; $collapsible.opened()}, disable: !hasVisible(), i18n: &amp;apos;...&amp;apos;, toggleCollapsible&amp;quot;&amp;gt;Filters&amp;lt;/button&amp;gt; is not clickable at point (847, 266). Other element would receive the click: &amp;lt;div data-role=&amp;quot;spinner&amp;quot; data-component=&amp;quot;customer_listing.customer_listing.customer_columns&amp;quot; class=&amp;quot;admin__data-grid-loading-mask&amp;quot;&amp;gt;...&amp;lt;/div&amp;gt;
  (Session info: chrome=114.0.5735.90)
Build info: version: &amp;apos;4.1.1&amp;apos;, revision: &amp;apos;e8fcc2cecf&amp;apos;
System info: host: &amp;apos;FILT111&amp;apos;, ip: &amp;apos;192.168.0.38&amp;apos;, os.name: &amp;apos;Windows 10&amp;apos;, os.arch: &amp;apos;amd64&amp;apos;, os.version: &amp;apos;10.0&amp;apos;, java.version: &amp;apos;17.0.2&amp;apos;
Driver info: org.openqa.selenium.chrome.ChromeDriver
Command: [916b4e779d5651ab76e23b61bddda816, clickElement {id=53958D0E913D3D95B09978F80BD759AC_element_64}]
Capabilities {acceptInsecureCerts: false, browserName: chrome, browserVersion: 114.0.5735.90, chrome: {chromedriverVersion: 114.0.5735.90 (386bc09e8f4f..., userDataDir: C:\Users\pavank\AppData\Loc...}, goog:chromeOptions: {debuggerAddress: localhost:53829}, javascriptEnabled: true, networkConnectionEnabled: false, pageLoadStrategy: normal, platform: WINDOWS, platformName: WINDOWS, proxy: Proxy(), se:cdp: ws://localhost:53829/devtoo..., se:cdpVersion: 114.0.5735.90, setWindowRect: true, strictFileInteractability: false, timeouts: {implicit: 0, pageLoad: 300000, script: 30000}, unhandledPromptBehavior: dismiss and notify, webauthn:extension:credBlob: true, webauthn:extension:largeBlob: true, webauthn:extension:minPinLength: true, webauthn:extension:prf: true, webauthn:virtualAuthenticators: true}
Element: [[ChromeDriver: chrome on WINDOWS (916b4e779d5651ab76e23b61bddda816)] -&amp;gt; xpath: //button[@data-action=&amp;apos;grid-filter-expand&amp;apos;]]
Session ID: 916b4e779d5651ab76e23b61bddda816">
      <![CDATA[org.openqa.selenium.ElementClickInterceptedException: element click intercepted: Element <button class="action-default" data-action="grid-filter-expand" data-bind="css: {_active: hasVisible() &amp;&amp; $collapsible.opened()}, disable: !hasVisible(), i18n: '...', toggleCollapsible">Filters</button> is not clickable at point (847, 266). Other element would receive the click: <div data-role="spinner" data-component="customer_listing.customer_listing.customer_columns" class="admin__data-grid-loading-mask">...</div>
  (Session info: chrome=114.0.5735.90)
Build info: version: '4.1.1', revision: 'e8fcc2cecf'
System info: host: 'FILT111', ip: '192.168.0.38', os.name: 'Windows 10', os.arch: 'amd64', os.version: '10.0', java.version: '17.0.2'
Driver info: org.openqa.selenium.chrome.ChromeDriver
Command: [916b4e779d5651ab76e23b61bddda816, clickElement {id=53958D0E913D3D95B09978F80BD759AC_element_64}]
Capabilities {acceptInsecureCerts: false, browserName: chrome, browserVersion: 114.0.5735.90, chrome: {chromedriverVersion: 114.0.5735.90 (386bc09e8f4f..., userDataDir: C:\Users\pavank\AppData\Loc...}, goog:chromeOptions: {debuggerAddress: localhost:53829}, javascriptEnabled: true, networkConnectionEnabled: false, pageLoadStrategy: normal, platform: WINDOWS, platformName: WINDOWS, proxy: Proxy(), se:cdp: ws://localhost:53829/devtoo..., se:cdpVersion: 114.0.5735.90, setWindowRect: true, strictFileInteractability: false, timeouts: {implicit: 0, pageLoad: 300000, script: 30000}, unhandledPromptBehavior: dismiss and notify, webauthn:extension:credBlob: true, webauthn:extension:largeBlob: true, webauthn:extension:minPinLength: true, webauthn:extension:prf: true, webauthn:virtualAuthenticators: true}
Element: [[ChromeDriver: chrome on WINDOWS (916b4e779d5651ab76e23b61bddda816)] -> xpath: //button[@data-action='grid-filter-expand']]
Session ID: 916b4e779d5651ab76e23b61bddda816
at org.openqa.selenium.remote.codec.w3c.W3CHttpResponseCodec.createException(W3CHttpResponseCodec.java:200)
at org.openqa.selenium.remote.codec.w3c.W3CHttpResponseCodec.decode(W3CHttpResponseCodec.java:133)
at org.openqa.selenium.remote.codec.w3c.W3CHttpResponseCodec.decode(W3CHttpResponseCodec.java:53)
at org.openqa.selenium.remote.HttpCommandExecutor.execute(HttpCommandExecutor.java:184)
at org.openqa.selenium.remote.service.DriverCommandExecutor.invokeExecute(DriverCommandExecutor.java:167)
at org.openqa.selenium.remote.service.DriverCommandExecutor.execute(DriverCommandExecutor.java:142)
at org.openqa.selenium.remote.RemoteWebDriver.execute(RemoteWebDriver.java:543)
at org.openqa.selenium.remote.RemoteWebElement.execute(RemoteWebElement.java:251)
at org.openqa.selenium.remote.RemoteWebElement.click(RemoteWebElement.java:77)
at Utility.GenericKeyword.clearFilter(GenericKeyword.java:400)
at Backend_Testcases.VerifyAccountCreated.verifyAccountCreated(VerifyAccountCreated.java:18)
at java.base/java.util.ArrayList.forEach(ArrayList.java:1511)
... Removed 32 stack frames]]>
    </failure>
  </testcase> <!-- verifyAccountCreated -->
</testsuite> <!-- VerifyAccountCreated -->
